{"C:\\Users\\Ryzen\\Desktop\\React-Web-Lab\\Web-Lab-React\\my-app\\src\\pages\\Index1.js": {"path":"C:\\Users\\Ryzen\\Desktop\\React-Web-Lab\\Web-Lab-React\\my-app\\src\\pages\\Index1.js","statementMap":{"0":{"start":{"line":8,"column":4},"end":{"line":12,"column":9}},"1":{"start":{"line":9,"column":4},"end":{"line":11,"column":5}},"2":{"start":{"line":10,"column":6},"end":{"line":10,"column":74}},"3":{"start":{"line":14,"column":31},"end":{"line":16,"column":3}},"4":{"start":{"line":15,"column":4},"end":{"line":15,"column":60}},"5":{"start":{"line":18,"column":35},"end":{"line":20,"column":3}},"6":{"start":{"line":19,"column":4},"end":{"line":19,"column":63}},"7":{"start":{"line":22,"column":4},"end":{"line":131,"column":5}}},"fnMap":{"0":{"name":"Index1","decl":{"start":{"line":5,"column":9},"end":{"line":5,"column":15}},"loc":{"start":{"line":5,"column":17},"end":{"line":132,"column":1}},"line":5},"1":{"name":"(anonymous_1)","decl":{"start":{"line":8,"column":14},"end":{"line":8,"column":15}},"loc":{"start":{"line":8,"column":20},"end":{"line":12,"column":3}},"line":8},"2":{"name":"(anonymous_2)","decl":{"start":{"line":14,"column":31},"end":{"line":14,"column":32}},"loc":{"start":{"line":14,"column":37},"end":{"line":16,"column":3}},"line":14},"3":{"name":"(anonymous_3)","decl":{"start":{"line":18,"column":35},"end":{"line":18,"column":36}},"loc":{"start":{"line":18,"column":41},"end":{"line":20,"column":3}},"line":18}},"branchMap":{"0":{"loc":{"start":{"line":9,"column":4},"end":{"line":11,"column":5}},"type":"if","locations":[{"start":{"line":9,"column":4},"end":{"line":11,"column":5}},{"start":{},"end":{}}],"line":9},"1":{"loc":{"start":{"line":39,"column":21},"end":{"line":41,"column":17}},"type":"binary-expr","locations":[{"start":{"line":39,"column":21},"end":{"line":39,"column":54}},{"start":{"line":40,"column":18},"end":{"line":40,"column":65}}],"line":39}},"s":{"0":6,"1":6,"2":3,"3":6,"4":1,"5":6,"6":1,"7":6},"f":{"0":6,"1":6,"2":1,"3":1},"b":{"0":[3,3],"1":[6,0]},"_coverageSchema":"1a1c01bbd47fc00a2c39e90264f33305004495a9","hash":"e985e43a9fdcfc9ebd1757b40358511487e323b2"}
,"C:\\Users\\Ryzen\\Desktop\\React-Web-Lab\\Web-Lab-React\\my-app\\src\\pages\\Product.js": {"path":"C:\\Users\\Ryzen\\Desktop\\React-Web-Lab\\Web-Lab-React\\my-app\\src\\pages\\Product.js","statementMap":{"0":{"start":{"line":6,"column":42},"end":{"line":6,"column":57}},"1":{"start":{"line":7,"column":4},"end":{"line":12,"column":13}},"2":{"start":{"line":9,"column":8},"end":{"line":11,"column":9}},"3":{"start":{"line":10,"column":10},"end":{"line":10,"column":78}},"4":{"start":{"line":14,"column":35},"end":{"line":16,"column":7}},"5":{"start":{"line":15,"column":8},"end":{"line":15,"column":64}},"6":{"start":{"line":18,"column":39},"end":{"line":20,"column":7}},"7":{"start":{"line":19,"column":8},"end":{"line":19,"column":67}},"8":{"start":{"line":22,"column":24},"end":{"line":30,"column":7}},"9":{"start":{"line":23,"column":8},"end":{"line":23,"column":31}},"10":{"start":{"line":24,"column":8},"end":{"line":24,"column":29}},"11":{"start":{"line":25,"column":8},"end":{"line":27,"column":17}},"12":{"start":{"line":26,"column":10},"end":{"line":26,"column":32}},"13":{"start":{"line":32,"column":4},"end":{"line":87,"column":5}}},"fnMap":{"0":{"name":"Product","decl":{"start":{"line":5,"column":9},"end":{"line":5,"column":16}},"loc":{"start":{"line":5,"column":18},"end":{"line":88,"column":1}},"line":5},"1":{"name":"(anonymous_1)","decl":{"start":{"line":7,"column":14},"end":{"line":7,"column":15}},"loc":{"start":{"line":7,"column":20},"end":{"line":12,"column":7}},"line":7},"2":{"name":"(anonymous_2)","decl":{"start":{"line":14,"column":35},"end":{"line":14,"column":36}},"loc":{"start":{"line":14,"column":41},"end":{"line":16,"column":7}},"line":14},"3":{"name":"(anonymous_3)","decl":{"start":{"line":18,"column":39},"end":{"line":18,"column":40}},"loc":{"start":{"line":18,"column":45},"end":{"line":20,"column":7}},"line":18},"4":{"name":"(anonymous_4)","decl":{"start":{"line":22,"column":24},"end":{"line":22,"column":25}},"loc":{"start":{"line":22,"column":35},"end":{"line":30,"column":7}},"line":22},"5":{"name":"(anonymous_5)","decl":{"start":{"line":25,"column":19},"end":{"line":25,"column":20}},"loc":{"start":{"line":25,"column":25},"end":{"line":27,"column":9}},"line":25}},"branchMap":{"0":{"loc":{"start":{"line":9,"column":8},"end":{"line":11,"column":9}},"type":"if","locations":[{"start":{"line":9,"column":8},"end":{"line":11,"column":9}},{"start":{},"end":{}}],"line":9},"1":{"loc":{"start":{"line":49,"column":21},"end":{"line":51,"column":17}},"type":"binary-expr","locations":[{"start":{"line":49,"column":21},"end":{"line":49,"column":54}},{"start":{"line":50,"column":18},"end":{"line":50,"column":65}}],"line":49},"2":{"loc":{"start":{"line":79,"column":11},"end":{"line":83,"column":9}},"type":"binary-expr","locations":[{"start":{"line":79,"column":11},"end":{"line":79,"column":22}},{"start":{"line":80,"column":10},"end":{"line":82,"column":16}}],"line":79}},"s":{"0":5,"1":5,"2":4,"3":3,"4":5,"5":1,"6":5,"7":0,"8":5,"9":1,"10":1,"11":1,"12":0,"13":5},"f":{"0":5,"1":4,"2":1,"3":0,"4":1,"5":0},"b":{"0":[3,1],"1":[5,4],"2":[5,1]},"_coverageSchema":"1a1c01bbd47fc00a2c39e90264f33305004495a9","hash":"30fefde0775343a72b3b75db96e6129ec5a903b9"}
,"C:\\Users\\Ryzen\\Desktop\\React-Web-Lab\\Web-Lab-React\\my-app\\src\\pages\\ProductCr.js": {"path":"C:\\Users\\Ryzen\\Desktop\\React-Web-Lab\\Web-Lab-React\\my-app\\src\\pages\\ProductCr.js","statementMap":{"0":{"start":{"line":6,"column":31},"end":{"line":36,"column":4}},"1":{"start":{"line":7,"column":2},"end":{"line":7,"column":25}},"2":{"start":{"line":9,"column":16},"end":{"line":9,"column":54}},"3":{"start":{"line":10,"column":15},"end":{"line":10,"column":52}},"4":{"start":{"line":11,"column":16},"end":{"line":11,"column":54}},"5":{"start":{"line":12,"column":19},"end":{"line":12,"column":60}},"6":{"start":{"line":14,"column":19},"end":{"line":19,"column":3}},"7":{"start":{"line":22,"column":2},"end":{"line":35,"column":42}},"8":{"start":{"line":30,"column":3},"end":{"line":30,"column":25}},"9":{"start":{"line":31,"column":3},"end":{"line":33,"column":4}},"10":{"start":{"line":32,"column":5},"end":{"line":32,"column":32}},"11":{"start":{"line":35,"column":20},"end":{"line":35,"column":40}},"12":{"start":{"line":38,"column":4},"end":{"line":62,"column":5}}},"fnMap":{"0":{"name":"ProductCr","decl":{"start":{"line":4,"column":9},"end":{"line":4,"column":18}},"loc":{"start":{"line":4,"column":20},"end":{"line":63,"column":1}},"line":4},"1":{"name":"(anonymous_1)","decl":{"start":{"line":6,"column":31},"end":{"line":6,"column":32}},"loc":{"start":{"line":6,"column":42},"end":{"line":36,"column":4}},"line":6},"2":{"name":"(anonymous_2)","decl":{"start":{"line":29,"column":10},"end":{"line":29,"column":11}},"loc":{"start":{"line":29,"column":22},"end":{"line":34,"column":5}},"line":29},"3":{"name":"(anonymous_3)","decl":{"start":{"line":35,"column":11},"end":{"line":35,"column":12}},"loc":{"start":{"line":35,"column":20},"end":{"line":35,"column":40}},"line":35}},"branchMap":{"0":{"loc":{"start":{"line":31,"column":3},"end":{"line":33,"column":4}},"type":"if","locations":[{"start":{"line":31,"column":3},"end":{"line":33,"column":4}},{"start":{},"end":{}}],"line":31}},"s":{"0":2,"1":1,"2":1,"3":1,"4":1,"5":1,"6":1,"7":1,"8":1,"9":1,"10":1,"11":0,"12":2},"f":{"0":2,"1":1,"2":1,"3":0},"b":{"0":[1,0]},"_coverageSchema":"1a1c01bbd47fc00a2c39e90264f33305004495a9","hash":"975e7c946993db0a31a4ca9014b3bebb0764039f"}
,"C:\\Users\\Ryzen\\Desktop\\React-Web-Lab\\Web-Lab-React\\my-app\\src\\pages\\Products.js": {"path":"C:\\Users\\Ryzen\\Desktop\\React-Web-Lab\\Web-Lab-React\\my-app\\src\\pages\\Products.js","statementMap":{"0":{"start":{"line":6,"column":34},"end":{"line":6,"column":46}},"1":{"start":{"line":8,"column":2},"end":{"line":13,"column":9}},"2":{"start":{"line":9,"column":4},"end":{"line":11,"column":5}},"3":{"start":{"line":10,"column":6},"end":{"line":10,"column":74}},"4":{"start":{"line":12,"column":4},"end":{"line":12,"column":20}},"5":{"start":{"line":15,"column":24},"end":{"line":34,"column":1}},"6":{"start":{"line":16,"column":2},"end":{"line":33,"column":3}},"7":{"start":{"line":17,"column":21},"end":{"line":23,"column":6}},"8":{"start":{"line":25,"column":4},"end":{"line":30,"column":5}},"9":{"start":{"line":26,"column":19},"end":{"line":26,"column":40}},"10":{"start":{"line":27,"column":6},"end":{"line":27,"column":33}},"11":{"start":{"line":29,"column":6},"end":{"line":29,"column":47}},"12":{"start":{"line":32,"column":4},"end":{"line":32,"column":25}},"13":{"start":{"line":36,"column":25},"end":{"line":47,"column":3}},"14":{"start":{"line":37,"column":4},"end":{"line":46,"column":7}},"15":{"start":{"line":38,"column":6},"end":{"line":45,"column":11}},"16":{"start":{"line":49,"column":31},"end":{"line":51,"column":3}},"17":{"start":{"line":50,"column":4},"end":{"line":50,"column":60}},"18":{"start":{"line":53,"column":35},"end":{"line":55,"column":3}},"19":{"start":{"line":54,"column":4},"end":{"line":54,"column":63}},"20":{"start":{"line":57,"column":2},"end":{"line":119,"column":4}}},"fnMap":{"0":{"name":"Products","decl":{"start":{"line":5,"column":9},"end":{"line":5,"column":17}},"loc":{"start":{"line":5,"column":20},"end":{"line":120,"column":1}},"line":5},"1":{"name":"(anonymous_1)","decl":{"start":{"line":8,"column":12},"end":{"line":8,"column":13}},"loc":{"start":{"line":8,"column":18},"end":{"line":13,"column":3}},"line":8},"2":{"name":"(anonymous_2)","decl":{"start":{"line":15,"column":24},"end":{"line":15,"column":25}},"loc":{"start":{"line":15,"column":36},"end":{"line":34,"column":1}},"line":15},"3":{"name":"(anonymous_3)","decl":{"start":{"line":36,"column":25},"end":{"line":36,"column":26}},"loc":{"start":{"line":36,"column":31},"end":{"line":47,"column":3}},"line":36},"4":{"name":"(anonymous_4)","decl":{"start":{"line":37,"column":24},"end":{"line":37,"column":25}},"loc":{"start":{"line":38,"column":6},"end":{"line":45,"column":11}},"line":38},"5":{"name":"(anonymous_5)","decl":{"start":{"line":49,"column":31},"end":{"line":49,"column":32}},"loc":{"start":{"line":49,"column":37},"end":{"line":51,"column":3}},"line":49},"6":{"name":"(anonymous_6)","decl":{"start":{"line":53,"column":35},"end":{"line":53,"column":36}},"loc":{"start":{"line":53,"column":41},"end":{"line":55,"column":3}},"line":53}},"branchMap":{"0":{"loc":{"start":{"line":9,"column":4},"end":{"line":11,"column":5}},"type":"if","locations":[{"start":{"line":9,"column":4},"end":{"line":11,"column":5}},{"start":{},"end":{}}],"line":9},"1":{"loc":{"start":{"line":25,"column":4},"end":{"line":30,"column":5}},"type":"if","locations":[{"start":{"line":25,"column":4},"end":{"line":30,"column":5}},{"start":{"line":28,"column":11},"end":{"line":30,"column":5}}],"line":25},"2":{"loc":{"start":{"line":88,"column":15},"end":{"line":90,"column":17}},"type":"binary-expr","locations":[{"start":{"line":88,"column":15},"end":{"line":88,"column":48}},{"start":{"line":89,"column":18},"end":{"line":89,"column":65}}],"line":88},"3":{"loc":{"start":{"line":109,"column":15},"end":{"line":109,"column":82}},"type":"cond-expr","locations":[{"start":{"line":109,"column":37},"end":{"line":109,"column":53}},{"start":{"line":109,"column":56},"end":{"line":109,"column":82}}],"line":109}},"s":{"0":5,"1":5,"2":4,"3":2,"4":4,"5":5,"6":4,"7":4,"8":3,"9":1,"10":1,"11":0,"12":2,"13":5,"14":1,"15":2,"16":5,"17":0,"18":5,"19":0,"20":5},"f":{"0":5,"1":4,"2":4,"3":1,"4":2,"5":0,"6":0},"b":{"0":[2,2],"1":[1,0],"2":[5,1],"3":[1,4]},"_coverageSchema":"1a1c01bbd47fc00a2c39e90264f33305004495a9","hash":"cb096b3dc932def64e0d99b9c8f8426ff2e3aff2"}
,"C:\\Users\\Ryzen\\Desktop\\React-Web-Lab\\Web-Lab-React\\my-app\\src\\pages\\SignIn.js": {"path":"C:\\Users\\Ryzen\\Desktop\\React-Web-Lab\\Web-Lab-React\\my-app\\src\\pages\\SignIn.js","statementMap":{"0":{"start":{"line":7,"column":36},"end":{"line":7,"column":48}},"1":{"start":{"line":8,"column":36},"end":{"line":8,"column":48}},"2":{"start":{"line":10,"column":29},"end":{"line":34,"column":5}},"3":{"start":{"line":11,"column":6},"end":{"line":11,"column":29}},"4":{"start":{"line":13,"column":19},"end":{"line":13,"column":25}},"5":{"start":{"line":15,"column":6},"end":{"line":33,"column":7}},"6":{"start":{"line":16,"column":25},"end":{"line":21,"column":10}},"7":{"start":{"line":23,"column":8},"end":{"line":30,"column":9}},"8":{"start":{"line":24,"column":10},"end":{"line":24,"column":53}},"9":{"start":{"line":25,"column":10},"end":{"line":25,"column":53}},"10":{"start":{"line":26,"column":10},"end":{"line":26,"column":45}},"11":{"start":{"line":27,"column":10},"end":{"line":27,"column":37}},"12":{"start":{"line":28,"column":15},"end":{"line":30,"column":9}},"13":{"start":{"line":29,"column":10},"end":{"line":29,"column":38}},"14":{"start":{"line":32,"column":8},"end":{"line":32,"column":29}},"15":{"start":{"line":36,"column":4},"end":{"line":65,"column":5}},"16":{"start":{"line":43,"column":121},"end":{"line":43,"column":148}},"17":{"start":{"line":46,"column":125},"end":{"line":46,"column":152}}},"fnMap":{"0":{"name":"SignIn","decl":{"start":{"line":5,"column":9},"end":{"line":5,"column":15}},"loc":{"start":{"line":5,"column":17},"end":{"line":66,"column":1}},"line":5},"1":{"name":"(anonymous_1)","decl":{"start":{"line":10,"column":29},"end":{"line":10,"column":30}},"loc":{"start":{"line":10,"column":46},"end":{"line":34,"column":5}},"line":10},"2":{"name":"(anonymous_2)","decl":{"start":{"line":43,"column":114},"end":{"line":43,"column":115}},"loc":{"start":{"line":43,"column":121},"end":{"line":43,"column":148}},"line":43},"3":{"name":"(anonymous_3)","decl":{"start":{"line":46,"column":118},"end":{"line":46,"column":119}},"loc":{"start":{"line":46,"column":125},"end":{"line":46,"column":152}},"line":46}},"branchMap":{"0":{"loc":{"start":{"line":23,"column":8},"end":{"line":30,"column":9}},"type":"if","locations":[{"start":{"line":23,"column":8},"end":{"line":30,"column":9}},{"start":{"line":28,"column":15},"end":{"line":30,"column":9}}],"line":23},"1":{"loc":{"start":{"line":28,"column":15},"end":{"line":30,"column":9}},"type":"if","locations":[{"start":{"line":28,"column":15},"end":{"line":30,"column":9}},{"start":{},"end":{}}],"line":28}},"s":{"0":7,"1":7,"2":7,"3":2,"4":2,"5":2,"6":2,"7":2,"8":1,"9":1,"10":1,"11":1,"12":1,"13":1,"14":0,"15":7,"16":2,"17":2},"f":{"0":7,"1":2,"2":2,"3":2},"b":{"0":[1,1],"1":[1,0]},"_coverageSchema":"1a1c01bbd47fc00a2c39e90264f33305004495a9","hash":"4cdc4f38a4edb980bccfca91759effdf9221cc11"}
,"C:\\Users\\Ryzen\\Desktop\\React-Web-Lab\\Web-Lab-React\\my-app\\src\\pages\\SignUp.js": {"path":"C:\\Users\\Ryzen\\Desktop\\React-Web-Lab\\Web-Lab-React\\my-app\\src\\pages\\SignUp.js","statementMap":{"0":{"start":{"line":6,"column":28},"end":{"line":45,"column":4}},"1":{"start":{"line":7,"column":2},"end":{"line":7,"column":25}},"2":{"start":{"line":9,"column":19},"end":{"line":9,"column":60}},"3":{"start":{"line":10,"column":15},"end":{"line":10,"column":52}},"4":{"start":{"line":11,"column":18},"end":{"line":11,"column":58}},"5":{"start":{"line":12,"column":16},"end":{"line":12,"column":54}},"6":{"start":{"line":13,"column":19},"end":{"line":13,"column":60}},"7":{"start":{"line":14,"column":27},"end":{"line":14,"column":76}},"8":{"start":{"line":17,"column":2},"end":{"line":20,"column":3}},"9":{"start":{"line":18,"column":4},"end":{"line":18,"column":37}},"10":{"start":{"line":19,"column":4},"end":{"line":19,"column":11}},"11":{"start":{"line":22,"column":19},"end":{"line":28,"column":3}},"12":{"start":{"line":31,"column":2},"end":{"line":44,"column":42}},"13":{"start":{"line":39,"column":3},"end":{"line":39,"column":25}},"14":{"start":{"line":40,"column":3},"end":{"line":42,"column":4}},"15":{"start":{"line":41,"column":5},"end":{"line":41,"column":32}},"16":{"start":{"line":44,"column":20},"end":{"line":44,"column":40}},"17":{"start":{"line":47,"column":4},"end":{"line":76,"column":5}}},"fnMap":{"0":{"name":"SignUp","decl":{"start":{"line":4,"column":9},"end":{"line":4,"column":15}},"loc":{"start":{"line":4,"column":17},"end":{"line":77,"column":1}},"line":4},"1":{"name":"(anonymous_1)","decl":{"start":{"line":6,"column":28},"end":{"line":6,"column":29}},"loc":{"start":{"line":6,"column":39},"end":{"line":45,"column":4}},"line":6},"2":{"name":"(anonymous_2)","decl":{"start":{"line":38,"column":10},"end":{"line":38,"column":11}},"loc":{"start":{"line":38,"column":22},"end":{"line":43,"column":5}},"line":38},"3":{"name":"(anonymous_3)","decl":{"start":{"line":44,"column":11},"end":{"line":44,"column":12}},"loc":{"start":{"line":44,"column":20},"end":{"line":44,"column":40}},"line":44}},"branchMap":{"0":{"loc":{"start":{"line":17,"column":2},"end":{"line":20,"column":3}},"type":"if","locations":[{"start":{"line":17,"column":2},"end":{"line":20,"column":3}},{"start":{},"end":{}}],"line":17},"1":{"loc":{"start":{"line":40,"column":3},"end":{"line":42,"column":4}},"type":"if","locations":[{"start":{"line":40,"column":3},"end":{"line":42,"column":4}},{"start":{},"end":{}}],"line":40}},"s":{"0":3,"1":2,"2":2,"3":2,"4":2,"5":2,"6":2,"7":2,"8":2,"9":1,"10":1,"11":1,"12":1,"13":1,"14":1,"15":1,"16":0,"17":3},"f":{"0":3,"1":2,"2":1,"3":0},"b":{"0":[1,1],"1":[1,0]},"_coverageSchema":"1a1c01bbd47fc00a2c39e90264f33305004495a9","hash":"d15f531560b36a891dc680dbfca78db39b2c8aba"}
,"C:\\Users\\Ryzen\\Desktop\\React-Web-Lab\\Web-Lab-React\\my-app\\src\\pages\\Userpage.js": {"path":"C:\\Users\\Ryzen\\Desktop\\React-Web-Lab\\Web-Lab-React\\my-app\\src\\pages\\Userpage.js","statementMap":{"0":{"start":{"line":6,"column":40},"end":{"line":6,"column":55}},"1":{"start":{"line":7,"column":2},"end":{"line":11,"column":9}},"2":{"start":{"line":8,"column":4},"end":{"line":10,"column":5}},"3":{"start":{"line":9,"column":6},"end":{"line":9,"column":74}},"4":{"start":{"line":13,"column":31},"end":{"line":15,"column":3}},"5":{"start":{"line":14,"column":4},"end":{"line":14,"column":60}},"6":{"start":{"line":17,"column":35},"end":{"line":19,"column":3}},"7":{"start":{"line":18,"column":4},"end":{"line":18,"column":63}},"8":{"start":{"line":21,"column":23},"end":{"line":38,"column":3}},"9":{"start":{"line":22,"column":4},"end":{"line":22,"column":27}},"10":{"start":{"line":24,"column":4},"end":{"line":37,"column":5}},"11":{"start":{"line":25,"column":23},"end":{"line":27,"column":8}},"12":{"start":{"line":29,"column":6},"end":{"line":34,"column":7}},"13":{"start":{"line":30,"column":8},"end":{"line":30,"column":29}},"14":{"start":{"line":31,"column":8},"end":{"line":31,"column":37}},"15":{"start":{"line":32,"column":8},"end":{"line":32,"column":37}},"16":{"start":{"line":33,"column":8},"end":{"line":33,"column":35}},"17":{"start":{"line":36,"column":6},"end":{"line":36,"column":27}},"18":{"start":{"line":40,"column":33},"end":{"line":48,"column":3}},"19":{"start":{"line":41,"column":4},"end":{"line":41,"column":27}},"20":{"start":{"line":42,"column":4},"end":{"line":42,"column":25}},"21":{"start":{"line":43,"column":4},"end":{"line":45,"column":13}},"22":{"start":{"line":44,"column":6},"end":{"line":44,"column":28}},"23":{"start":{"line":50,"column":2},"end":{"line":110,"column":4}}},"fnMap":{"0":{"name":"Userpage","decl":{"start":{"line":5,"column":9},"end":{"line":5,"column":17}},"loc":{"start":{"line":5,"column":20},"end":{"line":111,"column":1}},"line":5},"1":{"name":"(anonymous_1)","decl":{"start":{"line":7,"column":12},"end":{"line":7,"column":13}},"loc":{"start":{"line":7,"column":18},"end":{"line":11,"column":3}},"line":7},"2":{"name":"(anonymous_2)","decl":{"start":{"line":13,"column":31},"end":{"line":13,"column":32}},"loc":{"start":{"line":13,"column":37},"end":{"line":15,"column":3}},"line":13},"3":{"name":"(anonymous_3)","decl":{"start":{"line":17,"column":35},"end":{"line":17,"column":36}},"loc":{"start":{"line":17,"column":41},"end":{"line":19,"column":3}},"line":17},"4":{"name":"(anonymous_4)","decl":{"start":{"line":21,"column":23},"end":{"line":21,"column":24}},"loc":{"start":{"line":21,"column":40},"end":{"line":38,"column":3}},"line":21},"5":{"name":"(anonymous_5)","decl":{"start":{"line":40,"column":33},"end":{"line":40,"column":34}},"loc":{"start":{"line":40,"column":44},"end":{"line":48,"column":3}},"line":40},"6":{"name":"(anonymous_6)","decl":{"start":{"line":43,"column":15},"end":{"line":43,"column":16}},"loc":{"start":{"line":43,"column":21},"end":{"line":45,"column":5}},"line":43}},"branchMap":{"0":{"loc":{"start":{"line":8,"column":4},"end":{"line":10,"column":5}},"type":"if","locations":[{"start":{"line":8,"column":4},"end":{"line":10,"column":5}},{"start":{},"end":{}}],"line":8},"1":{"loc":{"start":{"line":29,"column":6},"end":{"line":34,"column":7}},"type":"if","locations":[{"start":{"line":29,"column":6},"end":{"line":34,"column":7}},{"start":{},"end":{}}],"line":29},"2":{"loc":{"start":{"line":67,"column":17},"end":{"line":69,"column":17}},"type":"binary-expr","locations":[{"start":{"line":67,"column":17},"end":{"line":67,"column":50}},{"start":{"line":68,"column":18},"end":{"line":68,"column":65}}],"line":67},"3":{"loc":{"start":{"line":102,"column":9},"end":{"line":106,"column":9}},"type":"binary-expr","locations":[{"start":{"line":102,"column":9},"end":{"line":102,"column":20}},{"start":{"line":103,"column":10},"end":{"line":105,"column":16}}],"line":102}},"s":{"0":9,"1":9,"2":7,"3":1,"4":9,"5":0,"6":9,"7":0,"8":9,"9":1,"10":1,"11":1,"12":0,"13":0,"14":0,"15":0,"16":0,"17":0,"18":9,"19":2,"20":2,"21":2,"22":0,"23":9},"f":{"0":9,"1":7,"2":0,"3":0,"4":1,"5":2,"6":0},"b":{"0":[1,6],"1":[0,0],"2":[9,0],"3":[9,2]},"_coverageSchema":"1a1c01bbd47fc00a2c39e90264f33305004495a9","hash":"09951bd60bbb6269d082b9bbe72d7eb3e87ecfde"}
}
