TN:
SF:src\pages\Index1.js
FN:5,Index1
FN:8,(anonymous_1)
FN:14,(anonymous_2)
FN:18,(anonymous_3)
FNF:4
FNH:4
FNDA:6,Index1
FNDA:6,(anonymous_1)
FNDA:1,(anonymous_2)
FNDA:1,(anonymous_3)
DA:8,6
DA:9,6
DA:10,3
DA:14,6
DA:15,1
DA:18,6
DA:19,1
DA:22,6
LF:8
LH:8
BRDA:9,0,0,3
BRDA:9,0,1,3
BRDA:39,1,0,6
BRDA:39,1,1,0
BRF:4
BRH:3
end_of_record
TN:
SF:src\pages\Product.js
FN:5,Product
FN:7,(anonymous_1)
FN:14,(anonymous_2)
FN:18,(anonymous_3)
FN:22,(anonymous_4)
FN:25,(anonymous_5)
FNF:6
FNH:4
FNDA:5,Product
FNDA:4,(anonymous_1)
FNDA:1,(anonymous_2)
FNDA:0,(anonymous_3)
FNDA:1,(anonymous_4)
FNDA:0,(anonymous_5)
DA:6,5
DA:7,5
DA:9,4
DA:10,3
DA:14,5
DA:15,1
DA:18,5
DA:19,0
DA:22,5
DA:23,1
DA:24,1
DA:25,1
DA:26,0
DA:32,5
LF:14
LH:12
BRDA:9,0,0,3
BRDA:9,0,1,1
BRDA:49,1,0,5
BRDA:49,1,1,4
BRDA:79,2,0,5
BRDA:79,2,1,1
BRF:6
BRH:6
end_of_record
TN:
SF:src\pages\ProductCr.js
FN:4,ProductCr
FN:6,(anonymous_1)
FN:29,(anonymous_2)
FN:35,(anonymous_3)
FNF:4
FNH:3
FNDA:2,ProductCr
FNDA:1,(anonymous_1)
FNDA:1,(anonymous_2)
FNDA:0,(anonymous_3)
DA:6,2
DA:7,1
DA:9,1
DA:10,1
DA:11,1
DA:12,1
DA:14,1
DA:22,1
DA:30,1
DA:31,1
DA:32,1
DA:35,0
DA:38,2
LF:13
LH:12
BRDA:31,0,0,1
BRDA:31,0,1,0
BRF:2
BRH:1
end_of_record
TN:
SF:src\pages\Products.js
FN:5,Products
FN:8,(anonymous_1)
FN:15,(anonymous_2)
FN:36,(anonymous_3)
FN:37,(anonymous_4)
FN:49,(anonymous_5)
FN:53,(anonymous_6)
FNF:7
FNH:5
FNDA:5,Products
FNDA:4,(anonymous_1)
FNDA:4,(anonymous_2)
FNDA:1,(anonymous_3)
FNDA:2,(anonymous_4)
FNDA:0,(anonymous_5)
FNDA:0,(anonymous_6)
DA:6,5
DA:8,5
DA:9,4
DA:10,2
DA:12,4
DA:15,5
DA:16,4
DA:17,4
DA:25,3
DA:26,1
DA:27,1
DA:29,0
DA:32,2
DA:36,5
DA:37,1
DA:38,2
DA:49,5
DA:50,0
DA:53,5
DA:54,0
DA:57,5
LF:21
LH:18
BRDA:9,0,0,2
BRDA:9,0,1,2
BRDA:25,1,0,1
BRDA:25,1,1,0
BRDA:88,2,0,5
BRDA:88,2,1,1
BRDA:109,3,0,1
BRDA:109,3,1,4
BRF:8
BRH:7
end_of_record
TN:
SF:src\pages\SignIn.js
FN:5,SignIn
FN:10,(anonymous_1)
FN:43,(anonymous_2)
FN:46,(anonymous_3)
FNF:4
FNH:4
FNDA:7,SignIn
FNDA:2,(anonymous_1)
FNDA:2,(anonymous_2)
FNDA:2,(anonymous_3)
DA:7,7
DA:8,7
DA:10,7
DA:11,2
DA:13,2
DA:15,2
DA:16,2
DA:23,2
DA:24,1
DA:25,1
DA:26,1
DA:27,1
DA:28,1
DA:29,1
DA:32,0
DA:36,7
DA:43,2
DA:46,2
LF:18
LH:17
BRDA:23,0,0,1
BRDA:23,0,1,1
BRDA:28,1,0,1
BRDA:28,1,1,0
BRF:4
BRH:3
end_of_record
TN:
SF:src\pages\SignUp.js
FN:4,SignUp
FN:6,(anonymous_1)
FN:38,(anonymous_2)
FN:44,(anonymous_3)
FNF:4
FNH:3
FNDA:3,SignUp
FNDA:2,(anonymous_1)
FNDA:1,(anonymous_2)
FNDA:0,(anonymous_3)
DA:6,3
DA:7,2
DA:9,2
DA:10,2
DA:11,2
DA:12,2
DA:13,2
DA:14,2
DA:17,2
DA:18,1
DA:19,1
DA:22,1
DA:31,1
DA:39,1
DA:40,1
DA:41,1
DA:44,0
DA:47,3
LF:18
LH:17
BRDA:17,0,0,1
BRDA:17,0,1,1
BRDA:40,1,0,1
BRDA:40,1,1,0
BRF:4
BRH:3
end_of_record
TN:
SF:src\pages\Userpage.js
FN:5,Userpage
FN:7,(anonymous_1)
FN:13,(anonymous_2)
FN:17,(anonymous_3)
FN:21,(anonymous_4)
FN:40,(anonymous_5)
FN:43,(anonymous_6)
FNF:7
FNH:4
FNDA:9,Userpage
FNDA:7,(anonymous_1)
FNDA:0,(anonymous_2)
FNDA:0,(anonymous_3)
FNDA:1,(anonymous_4)
FNDA:2,(anonymous_5)
FNDA:0,(anonymous_6)
DA:6,9
DA:7,9
DA:8,7
DA:9,1
DA:13,9
DA:14,0
DA:17,9
DA:18,0
DA:21,9
DA:22,1
DA:24,1
DA:25,1
DA:29,0
DA:30,0
DA:31,0
DA:32,0
DA:33,0
DA:36,0
DA:40,9
DA:41,2
DA:42,2
DA:43,2
DA:44,0
DA:50,9
LF:24
LH:15
BRDA:8,0,0,1
BRDA:8,0,1,6
BRDA:29,1,0,0
BRDA:29,1,1,0
BRDA:67,2,0,9
BRDA:67,2,1,0
BRDA:102,3,0,9
BRDA:102,3,1,2
BRF:8
BRH:5
end_of_record
